<?xml version="1.0" encoding="UTF-8"?>
<testsuite xmlns:xsi="http://www.w3.org/2001/XMLSchema-instance" xsi:noNamespaceSchemaLocation="https://maven.apache.org/surefire/maven-surefire-plugin/xsd/surefire-test-report.xsd" name="FSMTest" time="0.002" tests="6" errors="0" skipped="0" failures="0">
  <properties>
[...]
</properties>
  <testcase name="testGetStart" classname="chatbottest.FSMTest" time="0"/>
  <testcase name="testChangeStateMovie" classname="chatbottest.FSMTest" time="0"/>
  <testcase name="testChangeStateStart" classname="chatbottest.FSMTest" time="0"/>
  <testcase name="testChangeStateYears" classname="chatbottest.FSMTest" time="0"/>
  <testcase name="testChangeStateGenres" classname="chatbottest.FSMTest" time="0"/>
  <testcase name="testChangeStateHelp" classname="chatbottest.FSMTest" time="0"/>
</testsuite>